<?xml version="1.0" encoding="UTF-8"?>
<testsuite xmlns:xsi="http://www.w3.org/2001/XMLSchema-instance" xsi:noNamespaceSchemaLocation="https://maven.apache.org/surefire/maven-surefire-plugin/xsd/surefire-test-report-3.0.xsd" version="3.0" name="com.project.demo.services.LimitServiceTest" time="0.339" tests="3" errors="0" skipped="0" failures="0">
  <properties>
[...]
</properties>
  <testcase name="testGetLastLimit" classname="com.project.demo.services.LimitServiceTest" time="0.304"/>
  <testcase name="testGetAllLimits" classname="com.project.demo.services.LimitServiceTest" time="0.013"/>
  <testcase name="setLimit" classname="com.project.demo.services.LimitServiceTest" time="0.013"/>
</testsuite>