<?xml version="1.0" encoding="UTF-8"?>
<testsuite xmlns:xsi="http://www.w3.org/2001/XMLSchema-instance" xsi:noNamespaceSchemaLocation="https://maven.apache.org/surefire/maven-surefire-plugin/xsd/surefire-test-report-3.0.xsd" version="3.0" name="com.project.demo.DemoApplicationTests" time="6.558" tests="1" errors="0" skipped="0" failures="0">
  <properties>
[...]
</properties>
  <testcase name="contextLoads" classname="com.project.demo.DemoApplicationTests" time="0.457">
    <system-out><![CDATA[12:47:43.149 [main] INFO org.springframework.test.context.support.AnnotationConfigContextLoaderUtils -- Could not detect default configuration classes for test class [com.project.demo.DemoApplicationTests]: DemoApplicationTests does not declare any static, non-private, non-final, nested classes annotated with @Configuration.
12:47:43.234 [main] INFO org.springframework.boot.test.context.SpringBootTestContextBootstrapper -- Found @SpringBootConfiguration com.project.demo.BankApplication for test class com.project.demo.DemoApplicationTests

  .   ____          _            __ _ _
 /\\ / ___'_ __ _ _(_)_ __  __ _ \ \ \ \
( ( )\___ | '_ | '_| | '_ \/ _` | \ \ \ \
 \\/  ___)| |_)| | | | | || (_| |  ) ) ) )
  '  |____| .__|_| |_|_| |_\__, | / / / /
 =========|_|==============|___/=/_/_/_/

 :: Spring Boot ::                (v3.3.4)

2024-09-29T12:47:43.673+05:00  INFO 5264 --- [           main] com.project.demo.DemoApplicationTests    : Starting DemoApplicationTests using Java 22.0.2 with PID 5264 (started by user in C:\Users\user\Desktop\SpringProject\BankService\demo)
2024-09-29T12:47:43.674+05:00  INFO 5264 --- [           main] com.project.demo.DemoApplicationTests    : No active profile set, falling back to 1 default profile: "default"
2024-09-29T12:47:44.390+05:00  INFO 5264 --- [           main] .s.d.r.c.RepositoryConfigurationDelegate : Bootstrapping Spring Data JPA repositories in DEFAULT mode.
2024-09-29T12:47:44.435+05:00  INFO 5264 --- [           main] .s.d.r.c.RepositoryConfigurationDelegate : Finished Spring Data repository scanning in 39 ms. Found 3 JPA repository interfaces.
2024-09-29T12:47:45.029+05:00  INFO 5264 --- [           main] o.hibernate.jpa.internal.util.LogHelper  : HHH000204: Processing PersistenceUnitInfo [name: default]
2024-09-29T12:47:45.101+05:00  INFO 5264 --- [           main] org.hibernate.Version                    : HHH000412: Hibernate ORM core version 6.5.3.Final
2024-09-29T12:47:45.135+05:00  INFO 5264 --- [           main] o.h.c.internal.RegionFactoryInitiator    : HHH000026: Second-level cache disabled
2024-09-29T12:47:45.468+05:00  INFO 5264 --- [           main] o.s.o.j.p.SpringPersistenceUnitInfo      : No LoadTimeWeaver setup: ignoring JPA class transformer
2024-09-29T12:47:45.501+05:00  INFO 5264 --- [           main] com.zaxxer.hikari.HikariDataSource       : HikariPool-1 - Starting...
2024-09-29T12:47:45.694+05:00  INFO 5264 --- [           main] com.zaxxer.hikari.pool.HikariPool        : HikariPool-1 - Added connection org.postgresql.jdbc.PgConnection@43d6262c
2024-09-29T12:47:45.695+05:00  INFO 5264 --- [           main] com.zaxxer.hikari.HikariDataSource       : HikariPool-1 - Start completed.
2024-09-29T12:47:45.722+05:00  WARN 5264 --- [           main] org.hibernate.orm.deprecation            : HHH90000025: PostgreSQLDialect does not need to be specified explicitly using 'hibernate.dialect' (remove the property setting and it will be selected by default)
2024-09-29T12:47:46.501+05:00  INFO 5264 --- [           main] o.h.e.t.j.p.i.JtaPlatformInitiator       : HHH000489: No JTA platform available (set 'hibernate.transaction.jta.platform' to enable JTA platform integration)
Hibernate: drop table if exists limits cascade
Hibernate: drop table if exists rates cascade
Hibernate: drop table if exists transactions cascade
Hibernate: create table limits (limit_currency_shortname varchar(3) not null, limit_sum numeric(38,2) not null, id bigint generated by default as identity, limit_datetime timestamp(6), primary key (id))
Hibernate: create table rates (amount float(53) not null, last_updated date, rate float(53) not null, id bigint generated by default as identity, timestamp bigint not null, symbol varchar(20) not null, primary key (id))
Hibernate: create table transactions (currency_shortname varchar(3) not null, limit_exceeded boolean not null, sum numeric(38,2) not null, total_sum numeric(38,2) not null, datetime timestamp(6), id bigint generated by default as identity, account_from varchar(10) not null, account_to varchar(10) not null, expense_category varchar(255) not null, primary key (id))
2024-09-29T12:47:46.539+05:00  INFO 5264 --- [           main] j.LocalContainerEntityManagerFactoryBean : Initialized JPA EntityManagerFactory for persistence unit 'default'
2024-09-29T12:47:47.298+05:00  INFO 5264 --- [           main] o.s.d.j.r.query.QueryEnhancerFactory     : Hibernate is in classpath; If applicable, HQL parser will be used.
Hibernate: select l1_0.id,l1_0.limit_currency_shortname,l1_0.limit_datetime,l1_0.limit_sum from limits l1_0 order by l1_0.limit_datetime desc
Hibernate: insert into limits (limit_currency_shortname,limit_datetime,limit_sum) values (?,?,?) returning id
2024-09-29T12:47:48.089+05:00  WARN 5264 --- [           main] JpaBaseConfiguration$JpaWebConfiguration : spring.jpa.open-in-view is enabled by default. Therefore, database queries may be performed during view rendering. Explicitly configure spring.jpa.open-in-view to disable this warning
2024-09-29T12:47:48.131+05:00  INFO 5264 --- [           main] o.s.b.a.w.s.WelcomePageHandlerMapping    : Adding welcome page: class path resource [static/index.html]
Hibernate: select r1_0.id,r1_0.amount,r1_0.last_updated,r1_0.rate,r1_0.symbol,r1_0.timestamp from rates r1_0 where r1_0.symbol=?
Hibernate: select r1_0.id,r1_0.amount,r1_0.last_updated,r1_0.rate,r1_0.symbol,r1_0.timestamp from rates r1_0 where r1_0.symbol=?
Hibernate: insert into rates (amount,last_updated,rate,symbol,timestamp) values (?,?,?,?,?) returning id
Hibernate: insert into rates (amount,last_updated,rate,symbol,timestamp) values (?,?,?,?,?) returning id
2024-09-29T12:47:48.812+05:00  INFO 5264 --- [           main] o.s.b.a.e.web.EndpointLinksResolver      : Exposing 1 endpoint beneath base path '/actuator'
2024-09-29T12:47:48.938+05:00  INFO 5264 --- [           main] com.project.demo.DemoApplicationTests    : Started DemoApplicationTests in 5.57 seconds (process running for 6.424)
]]></system-out>
    <system-err><![CDATA[WARNING: A Java agent has been loaded dynamically (C:\Users\user\.m2\repository\net\bytebuddy\byte-buddy-agent\1.14.19\byte-buddy-agent-1.14.19.jar)
WARNING: If a serviceability tool is in use, please run with -XX:+EnableDynamicAgentLoading to hide this warning
WARNING: If a serviceability tool is not in use, please run with -Djdk.instrument.traceUsage for more information
WARNING: Dynamic loading of agents will be disallowed by default in a future release
]]></system-err>
  </testcase>
</testsuite>